24-09-14.00:10:42.436 [main            ] WARN  AnnotationConfigServletWebServerApplicationContext - Exception encountered during context initialization - cancelling refresh attempt: org.springframework.beans.factory.BeanCreationException: Error creating bean with name 'threadPoolConfigAdjustZookeeperListener' defined in class path resource [org/qzproject/dynamic/thread/pool/sdk/config/DynamicThreadPoolAutoConfig.class]: Bean instantiation via factory method failed; nested exception is org.springframework.beans.BeanInstantiationException: Failed to instantiate [org.qzproject.dynamic.thread.pool.sdk.trigger.listener.ThreadPoolConfigAdjustZookeeperListener]: Factory method 'threadPoolConfigAdjustZookeeperListener' threw exception; nested exception is java.lang.NullPointerException
24-09-14.00:10:42.439 [Curator-Framework-0] ERROR CuratorFrameworkImpl   - Background exception was not retry-able or retry gave up
java.lang.InterruptedException: null
	at java.lang.Object.wait(Native Method)
	at java.lang.Object.wait(Object.java:502)
	at org.apache.zookeeper.ClientCnxn.submitRequest(ClientCnxn.java:1561)
	at org.apache.zookeeper.ClientCnxn.submitRequest(ClientCnxn.java:1533)
	at org.apache.zookeeper.ZooKeeper.exists(ZooKeeper.java:2241)
	at org.apache.zookeeper.ZooKeeper.exists(ZooKeeper.java:2271)
	at org.apache.curator.utils.ZKPaths.mkdirs(ZKPaths.java:334)
	at org.apache.curator.framework.imps.CreateBuilderImpl$8.performBackgroundOperation(CreateBuilderImpl.java:758)
	at org.apache.curator.framework.imps.OperationAndData.callPerformBackgroundOperation(OperationAndData.java:84)
	at org.apache.curator.framework.imps.CuratorFrameworkImpl.performBackgroundOperation(CuratorFrameworkImpl.java:974)
	at org.apache.curator.framework.imps.CuratorFrameworkImpl.backgroundOperationsLoop(CuratorFrameworkImpl.java:952)
	at org.apache.curator.framework.imps.CuratorFrameworkImpl.access$300(CuratorFrameworkImpl.java:66)
	at org.apache.curator.framework.imps.CuratorFrameworkImpl$4.call(CuratorFrameworkImpl.java:342)
	at java.util.concurrent.FutureTask.run(FutureTask.java:266)
	at java.util.concurrent.ScheduledThreadPoolExecutor$ScheduledFutureTask.access$201(ScheduledThreadPoolExecutor.java:180)
	at java.util.concurrent.ScheduledThreadPoolExecutor$ScheduledFutureTask.run(ScheduledThreadPoolExecutor.java:293)
	at java.util.concurrent.ThreadPoolExecutor.runWorker(ThreadPoolExecutor.java:1149)
	at java.util.concurrent.ThreadPoolExecutor$Worker.run(ThreadPoolExecutor.java:624)
	at java.lang.Thread.run(Thread.java:750)
24-09-14.00:10:42.600 [main            ] ERROR SpringApplication      - Application run failed
org.springframework.beans.factory.BeanCreationException: Error creating bean with name 'threadPoolConfigAdjustZookeeperListener' defined in class path resource [org/qzproject/dynamic/thread/pool/sdk/config/DynamicThreadPoolAutoConfig.class]: Bean instantiation via factory method failed; nested exception is org.springframework.beans.BeanInstantiationException: Failed to instantiate [org.qzproject.dynamic.thread.pool.sdk.trigger.listener.ThreadPoolConfigAdjustZookeeperListener]: Factory method 'threadPoolConfigAdjustZookeeperListener' threw exception; nested exception is java.lang.NullPointerException
	at org.springframework.beans.factory.support.ConstructorResolver.instantiate(ConstructorResolver.java:658)
	at org.springframework.beans.factory.support.ConstructorResolver.instantiateUsingFactoryMethod(ConstructorResolver.java:638)
	at org.springframework.beans.factory.support.AbstractAutowireCapableBeanFactory.instantiateUsingFactoryMethod(AbstractAutowireCapableBeanFactory.java:1352)
	at org.springframework.beans.factory.support.AbstractAutowireCapableBeanFactory.createBeanInstance(AbstractAutowireCapableBeanFactory.java:1195)
	at org.springframework.beans.factory.support.AbstractAutowireCapableBeanFactory.doCreateBean(AbstractAutowireCapableBeanFactory.java:582)
	at org.springframework.beans.factory.support.AbstractAutowireCapableBeanFactory.createBean(AbstractAutowireCapableBeanFactory.java:542)
	at org.springframework.beans.factory.support.AbstractBeanFactory.lambda$doGetBean$0(AbstractBeanFactory.java:335)
	at org.springframework.beans.factory.support.DefaultSingletonBeanRegistry.getSingleton(DefaultSingletonBeanRegistry.java:234)
	at org.springframework.beans.factory.support.AbstractBeanFactory.doGetBean(AbstractBeanFactory.java:333)
	at org.springframework.beans.factory.support.AbstractBeanFactory.getBean(AbstractBeanFactory.java:208)
	at org.springframework.beans.factory.support.DefaultListableBeanFactory.preInstantiateSingletons(DefaultListableBeanFactory.java:955)
	at org.springframework.context.support.AbstractApplicationContext.finishBeanFactoryInitialization(AbstractApplicationContext.java:920)
	at org.springframework.context.support.AbstractApplicationContext.refresh(AbstractApplicationContext.java:583)
	at org.springframework.boot.web.servlet.context.ServletWebServerApplicationContext.refresh(ServletWebServerApplicationContext.java:147)
	at org.springframework.boot.SpringApplication.refresh(SpringApplication.java:731)
	at org.springframework.boot.SpringApplication.refreshContext(SpringApplication.java:408)
	at org.springframework.boot.SpringApplication.run(SpringApplication.java:307)
	at org.springframework.boot.SpringApplication.run(SpringApplication.java:1303)
	at org.springframework.boot.SpringApplication.run(SpringApplication.java:1292)
	at org.qzproject.Application.main(Application.java:19)
Caused by: org.springframework.beans.BeanInstantiationException: Failed to instantiate [org.qzproject.dynamic.thread.pool.sdk.trigger.listener.ThreadPoolConfigAdjustZookeeperListener]: Factory method 'threadPoolConfigAdjustZookeeperListener' threw exception; nested exception is java.lang.NullPointerException
	at org.springframework.beans.factory.support.SimpleInstantiationStrategy.instantiate(SimpleInstantiationStrategy.java:185)
	at org.springframework.beans.factory.support.ConstructorResolver.instantiate(ConstructorResolver.java:653)
	... 19 common frames omitted
Caused by: java.lang.NullPointerException: null
	at org.qzproject.dynamic.thread.pool.sdk.trigger.listener.ThreadPoolConfigAdjustZookeeperListener.<init>(ThreadPoolConfigAdjustZookeeperListener.java:59)
	at org.qzproject.dynamic.thread.pool.sdk.config.DynamicThreadPoolAutoConfig.threadPoolConfigAdjustZookeeperListener(DynamicThreadPoolAutoConfig.java:136)
	at org.qzproject.dynamic.thread.pool.sdk.config.DynamicThreadPoolAutoConfig$$EnhancerBySpringCGLIB$$85881cac.CGLIB$threadPoolConfigAdjustZookeeperListener$5(<generated>)
	at org.qzproject.dynamic.thread.pool.sdk.config.DynamicThreadPoolAutoConfig$$EnhancerBySpringCGLIB$$85881cac$$FastClassBySpringCGLIB$$a8ce7e7.invoke(<generated>)
	at org.springframework.cglib.proxy.MethodProxy.invokeSuper(MethodProxy.java:244)
	at org.springframework.context.annotation.ConfigurationClassEnhancer$BeanMethodInterceptor.intercept(ConfigurationClassEnhancer.java:331)
	at org.qzproject.dynamic.thread.pool.sdk.config.DynamicThreadPoolAutoConfig$$EnhancerBySpringCGLIB$$85881cac.threadPoolConfigAdjustZookeeperListener(<generated>)
	at sun.reflect.NativeMethodAccessorImpl.invoke0(Native Method)
	at sun.reflect.NativeMethodAccessorImpl.invoke(NativeMethodAccessorImpl.java:62)
	at sun.reflect.DelegatingMethodAccessorImpl.invoke(DelegatingMethodAccessorImpl.java:43)
	at java.lang.reflect.Method.invoke(Method.java:498)
	at org.springframework.beans.factory.support.SimpleInstantiationStrategy.instantiate(SimpleInstantiationStrategy.java:154)
	... 20 common frames omitted
24-09-14.00:13:22.442 [main-SendThread(127.0.0.1:2181)] WARN  ClientCnxn             - Client session timed out, have not heard from server in 27879ms for session id 0x10002720d190026
24-09-14.00:13:22.444 [main-SendThread(127.0.0.1:2181)] WARN  ClientCnxn             - Session 0x10002720d190026 for sever kubernetes.docker.internal/127.0.0.1:2181, Closing socket connection. Attempting reconnect except it is a SessionExpiredException.
org.apache.zookeeper.ClientCnxn$SessionTimeoutException: Client session timed out, have not heard from server in 27879ms for session id 0x10002720d190026
	at org.apache.zookeeper.ClientCnxn$SendThread.run(ClientCnxn.java:1230)
24-09-14.00:13:53.439 [main            ] WARN  AnnotationConfigServletWebServerApplicationContext - Exception encountered during context initialization - cancelling refresh attempt: org.springframework.beans.factory.BeanCreationException: Error creating bean with name 'threadPoolConfigAdjustZookeeperListener' defined in class path resource [org/qzproject/dynamic/thread/pool/sdk/config/DynamicThreadPoolAutoConfig.class]: Bean instantiation via factory method failed; nested exception is org.springframework.beans.BeanInstantiationException: Failed to instantiate [org.qzproject.dynamic.thread.pool.sdk.trigger.listener.ThreadPoolConfigAdjustZookeeperListener]: Factory method 'threadPoolConfigAdjustZookeeperListener' threw exception; nested exception is java.lang.NullPointerException
24-09-14.00:13:55.312 [main-SendThread(127.0.0.1:2181)] WARN  ClientCnxn             - Unable to reconnect to ZooKeeper service, session 0x10002720d190026 has expired
24-09-14.00:13:55.312 [main-SendThread(127.0.0.1:2181)] WARN  ClientCnxn             - An exception was thrown while closing send thread for session 0x10002720d190026.
org.apache.zookeeper.ClientCnxn$SessionExpiredException: Unable to reconnect to ZooKeeper service, session 0x10002720d190026 has expired
	at org.apache.zookeeper.ClientCnxn$SendThread.onConnected(ClientCnxn.java:1406)
	at org.apache.zookeeper.ClientCnxnSocket.readConnectResult(ClientCnxnSocket.java:154)
	at org.apache.zookeeper.ClientCnxnSocketNIO.doIO(ClientCnxnSocketNIO.java:84)
	at org.apache.zookeeper.ClientCnxnSocketNIO.doTransport(ClientCnxnSocketNIO.java:348)
	at org.apache.zookeeper.ClientCnxn$SendThread.run(ClientCnxn.java:1262)
24-09-14.00:15:05.993 [main            ] WARN  AnnotationConfigServletWebServerApplicationContext - Exception encountered during context initialization - cancelling refresh attempt: org.springframework.beans.factory.BeanCreationException: Error creating bean with name 'threadPoolConfigAdjustZookeeperListener' defined in class path resource [org/qzproject/dynamic/thread/pool/sdk/config/DynamicThreadPoolAutoConfig.class]: Bean instantiation via factory method failed; nested exception is org.springframework.beans.BeanInstantiationException: Failed to instantiate [org.qzproject.dynamic.thread.pool.sdk.trigger.listener.ThreadPoolConfigAdjustZookeeperListener]: Factory method 'threadPoolConfigAdjustZookeeperListener' threw exception; nested exception is java.lang.NullPointerException
24-09-14.00:15:46.394 [main            ] WARN  LoadBalancerCacheAutoConfiguration$LoadBalancerCaffeineWarnLogger - Spring Cloud LoadBalancer is currently working with the default cache. While this cache implementation is useful for development and tests, it's recommended to use Caffeine cache in production.You can switch to using Caffeine cache, by adding it and org.springframework.cache.caffeine.CaffeineCacheManager to the classpath.
24-09-14.00:19:06.533 [main-EventThread] ERROR NodeCache              - 
java.lang.IllegalStateException: Expected state [STARTED] was [STOPPED]
	at org.apache.curator.shaded.com.google.common.base.Preconditions.checkState(Preconditions.java:823)
	at org.apache.curator.framework.imps.CuratorFrameworkImpl.checkState(CuratorFrameworkImpl.java:423)
	at org.apache.curator.framework.imps.CuratorFrameworkImpl.checkExists(CuratorFrameworkImpl.java:450)
	at org.apache.curator.framework.recipes.cache.NodeCache.reset(NodeCache.java:261)
	at org.apache.curator.framework.recipes.cache.NodeCache.access$100(NodeCache.java:60)
	at org.apache.curator.framework.recipes.cache.NodeCache$2.process(NodeCache.java:104)
	at org.apache.curator.framework.imps.NamespaceWatcher.process(NamespaceWatcher.java:77)
	at org.apache.zookeeper.ClientCnxn$EventThread.processEvent(ClientCnxn.java:576)
	at org.apache.zookeeper.ClientCnxn$EventThread.run(ClientCnxn.java:551)
24-09-14.00:19:06.533 [main-EventThread] ERROR NodeCache              - 
java.lang.IllegalStateException: Expected state [STARTED] was [STOPPED]
	at org.apache.curator.shaded.com.google.common.base.Preconditions.checkState(Preconditions.java:823)
	at org.apache.curator.framework.imps.CuratorFrameworkImpl.checkState(CuratorFrameworkImpl.java:423)
	at org.apache.curator.framework.imps.CuratorFrameworkImpl.checkExists(CuratorFrameworkImpl.java:450)
	at org.apache.curator.framework.recipes.cache.NodeCache.reset(NodeCache.java:261)
	at org.apache.curator.framework.recipes.cache.NodeCache.access$100(NodeCache.java:60)
	at org.apache.curator.framework.recipes.cache.NodeCache$2.process(NodeCache.java:104)
	at org.apache.curator.framework.imps.NamespaceWatcher.process(NamespaceWatcher.java:77)
	at org.apache.zookeeper.ClientCnxn$EventThread.processEvent(ClientCnxn.java:576)
	at org.apache.zookeeper.ClientCnxn$EventThread.run(ClientCnxn.java:551)
24-09-14.00:19:30.976 [main            ] WARN  LoadBalancerCacheAutoConfiguration$LoadBalancerCaffeineWarnLogger - Spring Cloud LoadBalancer is currently working with the default cache. While this cache implementation is useful for development and tests, it's recommended to use Caffeine cache in production.You can switch to using Caffeine cache, by adding it and org.springframework.cache.caffeine.CaffeineCacheManager to the classpath.
24-09-14.00:19:42.929 [main-EventThread] ERROR NodeCache              - 
java.lang.IllegalStateException: Expected state [STARTED] was [STOPPED]
	at org.apache.curator.shaded.com.google.common.base.Preconditions.checkState(Preconditions.java:823)
	at org.apache.curator.framework.imps.CuratorFrameworkImpl.checkState(CuratorFrameworkImpl.java:423)
	at org.apache.curator.framework.imps.CuratorFrameworkImpl.checkExists(CuratorFrameworkImpl.java:450)
	at org.apache.curator.framework.recipes.cache.NodeCache.reset(NodeCache.java:261)
	at org.apache.curator.framework.recipes.cache.NodeCache.access$100(NodeCache.java:60)
	at org.apache.curator.framework.recipes.cache.NodeCache$2.process(NodeCache.java:104)
	at org.apache.curator.framework.imps.NamespaceWatcher.process(NamespaceWatcher.java:77)
	at org.apache.zookeeper.ClientCnxn$EventThread.processEvent(ClientCnxn.java:576)
	at org.apache.zookeeper.ClientCnxn$EventThread.run(ClientCnxn.java:551)
24-09-14.00:19:42.929 [main-EventThread] ERROR NodeCache              - 
java.lang.IllegalStateException: Expected state [STARTED] was [STOPPED]
	at org.apache.curator.shaded.com.google.common.base.Preconditions.checkState(Preconditions.java:823)
	at org.apache.curator.framework.imps.CuratorFrameworkImpl.checkState(CuratorFrameworkImpl.java:423)
	at org.apache.curator.framework.imps.CuratorFrameworkImpl.checkExists(CuratorFrameworkImpl.java:450)
	at org.apache.curator.framework.recipes.cache.NodeCache.reset(NodeCache.java:261)
	at org.apache.curator.framework.recipes.cache.NodeCache.access$100(NodeCache.java:60)
	at org.apache.curator.framework.recipes.cache.NodeCache$2.process(NodeCache.java:104)
	at org.apache.curator.framework.imps.NamespaceWatcher.process(NamespaceWatcher.java:77)
	at org.apache.zookeeper.ClientCnxn$EventThread.processEvent(ClientCnxn.java:576)
	at org.apache.zookeeper.ClientCnxn$EventThread.run(ClientCnxn.java:551)
24-09-14.00:19:53.395 [main            ] WARN  LoadBalancerCacheAutoConfiguration$LoadBalancerCaffeineWarnLogger - Spring Cloud LoadBalancer is currently working with the default cache. While this cache implementation is useful for development and tests, it's recommended to use Caffeine cache in production.You can switch to using Caffeine cache, by adding it and org.springframework.cache.caffeine.CaffeineCacheManager to the classpath.
24-09-14.00:21:20.795 [main-SendThread(127.0.0.1:2181)] WARN  ClientCnxn             - Client session timed out, have not heard from server in 34651ms for session id 0x10002720d19002b
24-09-14.00:21:20.797 [main-SendThread(127.0.0.1:2181)] WARN  ClientCnxn             - Session 0x10002720d19002b for sever kubernetes.docker.internal/127.0.0.1:2181, Closing socket connection. Attempting reconnect except it is a SessionExpiredException.
org.apache.zookeeper.ClientCnxn$SessionTimeoutException: Client session timed out, have not heard from server in 34651ms for session id 0x10002720d19002b
	at org.apache.zookeeper.ClientCnxn$SendThread.run(ClientCnxn.java:1230)
24-09-14.00:21:22.615 [scheduling-1    ] ERROR ZookeeperRegistryService - error when store thread pool config parameters to zookeeper {"activeCount":0,"appName":"dynamic-thread-pool-test-app","corePoolSize":20,"maximumPoolSize":100,"poolSize":0,"queueSize":0,"queueType":"LinkedBlockingQueue","remainingCapacity":5000,"threadPoolName":"threadPoolExecutor01"}
24-09-14.00:21:22.616 [scheduling-1    ] ERROR ZookeeperRegistryService - error when store thread pool config parameters to zookeeper {"activeCount":0,"appName":"dynamic-thread-pool-test-app","corePoolSize":20,"maximumPoolSize":50,"poolSize":0,"queueSize":0,"queueType":"LinkedBlockingQueue","remainingCapacity":5000,"threadPoolName":"threadPoolExecutor02"}
24-09-14.00:21:22.617 [Curator-Framework-0] ERROR CuratorFrameworkImpl   - Background exception was not retry-able or retry gave up
java.lang.InterruptedException: null
	at java.lang.Object.wait(Native Method)
	at java.lang.Object.wait(Object.java:502)
	at org.apache.zookeeper.ClientCnxn.submitRequest(ClientCnxn.java:1561)
	at org.apache.zookeeper.ClientCnxn.submitRequest(ClientCnxn.java:1533)
	at org.apache.zookeeper.ZooKeeper.exists(ZooKeeper.java:2241)
	at org.apache.zookeeper.ZooKeeper.exists(ZooKeeper.java:2271)
	at org.apache.curator.utils.ZKPaths.mkdirs(ZKPaths.java:334)
	at org.apache.curator.framework.imps.CreateBuilderImpl$8.performBackgroundOperation(CreateBuilderImpl.java:758)
	at org.apache.curator.framework.imps.OperationAndData.callPerformBackgroundOperation(OperationAndData.java:84)
	at org.apache.curator.framework.imps.CuratorFrameworkImpl.performBackgroundOperation(CuratorFrameworkImpl.java:974)
	at org.apache.curator.framework.imps.CuratorFrameworkImpl.backgroundOperationsLoop(CuratorFrameworkImpl.java:952)
	at org.apache.curator.framework.imps.CuratorFrameworkImpl.access$300(CuratorFrameworkImpl.java:66)
	at org.apache.curator.framework.imps.CuratorFrameworkImpl$4.call(CuratorFrameworkImpl.java:342)
	at java.util.concurrent.FutureTask.run$$$capture(FutureTask.java:266)
	at java.util.concurrent.FutureTask.run(FutureTask.java)
	at java.util.concurrent.ScheduledThreadPoolExecutor$ScheduledFutureTask.access$201(ScheduledThreadPoolExecutor.java:180)
	at java.util.concurrent.ScheduledThreadPoolExecutor$ScheduledFutureTask.run(ScheduledThreadPoolExecutor.java:293)
	at java.util.concurrent.ThreadPoolExecutor.runWorker(ThreadPoolExecutor.java:1149)
	at java.util.concurrent.ThreadPoolExecutor$Worker.run(ThreadPoolExecutor.java:624)
	at java.lang.Thread.run(Thread.java:750)
24-09-14.00:21:22.728 [main-EventThread] ERROR NodeCache              - 
java.lang.IllegalStateException: Expected state [STARTED] was [STOPPED]
	at org.apache.curator.shaded.com.google.common.base.Preconditions.checkState(Preconditions.java:823)
	at org.apache.curator.framework.imps.CuratorFrameworkImpl.checkState(CuratorFrameworkImpl.java:423)
	at org.apache.curator.framework.imps.CuratorFrameworkImpl.checkExists(CuratorFrameworkImpl.java:450)
	at org.apache.curator.framework.recipes.cache.NodeCache.reset(NodeCache.java:261)
	at org.apache.curator.framework.recipes.cache.NodeCache.access$100(NodeCache.java:60)
	at org.apache.curator.framework.recipes.cache.NodeCache$2.process(NodeCache.java:104)
	at org.apache.curator.framework.imps.NamespaceWatcher.process(NamespaceWatcher.java:77)
	at org.apache.zookeeper.ClientCnxn$EventThread.processEvent(ClientCnxn.java:576)
	at org.apache.zookeeper.ClientCnxn$EventThread.run(ClientCnxn.java:551)
24-09-14.00:21:22.728 [main-EventThread] ERROR NodeCache              - 
java.lang.IllegalStateException: Expected state [STARTED] was [STOPPED]
	at org.apache.curator.shaded.com.google.common.base.Preconditions.checkState(Preconditions.java:823)
	at org.apache.curator.framework.imps.CuratorFrameworkImpl.checkState(CuratorFrameworkImpl.java:423)
	at org.apache.curator.framework.imps.CuratorFrameworkImpl.checkExists(CuratorFrameworkImpl.java:450)
	at org.apache.curator.framework.recipes.cache.NodeCache.reset(NodeCache.java:261)
	at org.apache.curator.framework.recipes.cache.NodeCache.access$100(NodeCache.java:60)
	at org.apache.curator.framework.recipes.cache.NodeCache$2.process(NodeCache.java:104)
	at org.apache.curator.framework.imps.NamespaceWatcher.process(NamespaceWatcher.java:77)
	at org.apache.zookeeper.ClientCnxn$EventThread.processEvent(ClientCnxn.java:576)
	at org.apache.zookeeper.ClientCnxn$EventThread.run(ClientCnxn.java:551)
24-09-14.00:21:36.158 [main            ] WARN  LoadBalancerCacheAutoConfiguration$LoadBalancerCaffeineWarnLogger - Spring Cloud LoadBalancer is currently working with the default cache. While this cache implementation is useful for development and tests, it's recommended to use Caffeine cache in production.You can switch to using Caffeine cache, by adding it and org.springframework.cache.caffeine.CaffeineCacheManager to the classpath.
24-09-14.00:24:17.976 [main-SendThread(127.0.0.1:2181)] WARN  ClientCnxn             - Client session timed out, have not heard from server in 151272ms for session id 0x10002720d19002c
24-09-14.00:24:17.979 [main-SendThread(127.0.0.1:2181)] WARN  ClientCnxn             - Session 0x10002720d19002c for sever kubernetes.docker.internal/127.0.0.1:2181, Closing socket connection. Attempting reconnect except it is a SessionExpiredException.
org.apache.zookeeper.ClientCnxn$SessionTimeoutException: Client session timed out, have not heard from server in 151272ms for session id 0x10002720d19002c
	at org.apache.zookeeper.ClientCnxn$SendThread.run(ClientCnxn.java:1230)
24-09-14.00:24:19.858 [main-EventThread] WARN  ConnectionState        - Session expired event received
24-09-14.00:24:19.858 [main-SendThread(127.0.0.1:2181)] WARN  ClientCnxn             - Unable to reconnect to ZooKeeper service, session 0x10002720d19002c has expired
24-09-14.00:24:19.858 [main-SendThread(127.0.0.1:2181)] WARN  ClientCnxn             - Session 0x10002720d19002c for sever kubernetes.docker.internal/127.0.0.1:2181, Closing socket connection. Attempting reconnect except it is a SessionExpiredException.
org.apache.zookeeper.ClientCnxn$SessionExpiredException: Unable to reconnect to ZooKeeper service, session 0x10002720d19002c has expired
	at org.apache.zookeeper.ClientCnxn$SendThread.onConnected(ClientCnxn.java:1406)
	at org.apache.zookeeper.ClientCnxnSocket.readConnectResult(ClientCnxnSocket.java:154)
	at org.apache.zookeeper.ClientCnxnSocketNIO.doIO(ClientCnxnSocketNIO.java:84)
	at org.apache.zookeeper.ClientCnxnSocketNIO.doTransport(ClientCnxnSocketNIO.java:348)
	at org.apache.zookeeper.ClientCnxn$SendThread.run(ClientCnxn.java:1262)
24-09-14.00:24:19.869 [scheduling-1    ] ERROR ZookeeperRegistryService - error when store thread pool to zookeeper [{"activeCount":0,"appName":"dynamic-thread-pool-test-app","corePoolSize":25,"maximumPoolSize":100,"poolSize":0,"queueSize":0,"queueType":"LinkedBlockingQueue","remainingCapacity":5000,"threadPoolName":"threadPoolExecutor01"},{"activeCount":0,"appName":"dynamic-thread-pool-test-app","corePoolSize":20,"maximumPoolSize":50,"poolSize":0,"queueSize":0,"queueType":"LinkedBlockingQueue","remainingCapacity":5000,"threadPoolName":"threadPoolExecutor02"}]
24-09-14.00:24:19.869 [scheduling-1    ] ERROR ZookeeperRegistryService - error when store thread pool config parameters to zookeeper {"activeCount":0,"appName":"dynamic-thread-pool-test-app","corePoolSize":25,"maximumPoolSize":100,"poolSize":0,"queueSize":0,"queueType":"LinkedBlockingQueue","remainingCapacity":5000,"threadPoolName":"threadPoolExecutor01"}
24-09-14.00:24:19.870 [scheduling-1    ] ERROR ZookeeperRegistryService - error when store thread pool config parameters to zookeeper {"activeCount":0,"appName":"dynamic-thread-pool-test-app","corePoolSize":20,"maximumPoolSize":50,"poolSize":0,"queueSize":0,"queueType":"LinkedBlockingQueue","remainingCapacity":5000,"threadPoolName":"threadPoolExecutor02"}
24-09-14.00:24:19.871 [main-EventThread] ERROR CuratorFrameworkImpl   - Background exception was not retry-able or retry gave up
java.lang.IllegalStateException: Expected state [STARTED] was [STOPPED]
	at org.apache.curator.shaded.com.google.common.base.Preconditions.checkState(Preconditions.java:823)
	at org.apache.curator.framework.imps.CuratorFrameworkImpl.checkState(CuratorFrameworkImpl.java:423)
	at org.apache.curator.framework.imps.CuratorFrameworkImpl.getData(CuratorFrameworkImpl.java:457)
	at org.apache.curator.framework.recipes.cache.NodeCache.processBackgroundResult(NodeCache.java:307)
	at org.apache.curator.framework.recipes.cache.NodeCache.access$300(NodeCache.java:60)
	at org.apache.curator.framework.recipes.cache.NodeCache$3.processResult(NodeCache.java:126)
	at org.apache.curator.framework.imps.CuratorFrameworkImpl.sendToBackgroundCallback(CuratorFrameworkImpl.java:892)
	at org.apache.curator.framework.imps.CuratorFrameworkImpl.processBackgroundOperation(CuratorFrameworkImpl.java:649)
	at org.apache.curator.framework.imps.WatcherRemovalFacade.processBackgroundOperation(WatcherRemovalFacade.java:152)
	at org.apache.curator.framework.imps.ExistsBuilderImpl$1.processResult(ExistsBuilderImpl.java:166)
	at org.apache.zookeeper.ClientCnxn$EventThread.processEvent(ClientCnxn.java:619)
	at org.apache.zookeeper.ClientCnxn$EventThread.run(ClientCnxn.java:551)
24-09-14.00:24:19.979 [main-EventThread] ERROR NodeCache              - 
java.lang.IllegalStateException: Expected state [STARTED] was [STOPPED]
	at org.apache.curator.shaded.com.google.common.base.Preconditions.checkState(Preconditions.java:823)
	at org.apache.curator.framework.imps.CuratorFrameworkImpl.checkState(CuratorFrameworkImpl.java:423)
	at org.apache.curator.framework.imps.CuratorFrameworkImpl.checkExists(CuratorFrameworkImpl.java:450)
	at org.apache.curator.framework.recipes.cache.NodeCache.reset(NodeCache.java:261)
	at org.apache.curator.framework.recipes.cache.NodeCache.access$100(NodeCache.java:60)
	at org.apache.curator.framework.recipes.cache.NodeCache$2.process(NodeCache.java:104)
	at org.apache.curator.framework.imps.NamespaceWatcher.process(NamespaceWatcher.java:77)
	at org.apache.zookeeper.ClientCnxn$EventThread.processEvent(ClientCnxn.java:576)
	at org.apache.zookeeper.ClientCnxn$EventThread.run(ClientCnxn.java:551)
24-09-14.00:24:19.979 [main-EventThread] ERROR NodeCache              - 
java.lang.IllegalStateException: Expected state [STARTED] was [STOPPED]
	at org.apache.curator.shaded.com.google.common.base.Preconditions.checkState(Preconditions.java:823)
	at org.apache.curator.framework.imps.CuratorFrameworkImpl.checkState(CuratorFrameworkImpl.java:423)
	at org.apache.curator.framework.imps.CuratorFrameworkImpl.checkExists(CuratorFrameworkImpl.java:450)
	at org.apache.curator.framework.recipes.cache.NodeCache.reset(NodeCache.java:261)
	at org.apache.curator.framework.recipes.cache.NodeCache.access$100(NodeCache.java:60)
	at org.apache.curator.framework.recipes.cache.NodeCache$2.process(NodeCache.java:104)
	at org.apache.curator.framework.imps.NamespaceWatcher.process(NamespaceWatcher.java:77)
	at org.apache.zookeeper.ClientCnxn$EventThread.processEvent(ClientCnxn.java:576)
	at org.apache.zookeeper.ClientCnxn$EventThread.run(ClientCnxn.java:551)
24-09-14.00:24:36.008 [main            ] WARN  LoadBalancerCacheAutoConfiguration$LoadBalancerCaffeineWarnLogger - Spring Cloud LoadBalancer is currently working with the default cache. While this cache implementation is useful for development and tests, it's recommended to use Caffeine cache in production.You can switch to using Caffeine cache, by adding it and org.springframework.cache.caffeine.CaffeineCacheManager to the classpath.
24-09-14.00:24:40.424 [main-EventThread] ERROR NodeCache              - 
java.lang.IllegalStateException: Expected state [STARTED] was [STOPPED]
	at org.apache.curator.shaded.com.google.common.base.Preconditions.checkState(Preconditions.java:823)
	at org.apache.curator.framework.imps.CuratorFrameworkImpl.checkState(CuratorFrameworkImpl.java:423)
	at org.apache.curator.framework.imps.CuratorFrameworkImpl.checkExists(CuratorFrameworkImpl.java:450)
	at org.apache.curator.framework.recipes.cache.NodeCache.reset(NodeCache.java:261)
	at org.apache.curator.framework.recipes.cache.NodeCache.access$100(NodeCache.java:60)
	at org.apache.curator.framework.recipes.cache.NodeCache$2.process(NodeCache.java:104)
	at org.apache.curator.framework.imps.NamespaceWatcher.process(NamespaceWatcher.java:77)
	at org.apache.zookeeper.ClientCnxn$EventThread.processEvent(ClientCnxn.java:576)
	at org.apache.zookeeper.ClientCnxn$EventThread.run(ClientCnxn.java:551)
24-09-14.00:24:40.424 [main-EventThread] ERROR NodeCache              - 
java.lang.IllegalStateException: Expected state [STARTED] was [STOPPED]
	at org.apache.curator.shaded.com.google.common.base.Preconditions.checkState(Preconditions.java:823)
	at org.apache.curator.framework.imps.CuratorFrameworkImpl.checkState(CuratorFrameworkImpl.java:423)
	at org.apache.curator.framework.imps.CuratorFrameworkImpl.checkExists(CuratorFrameworkImpl.java:450)
	at org.apache.curator.framework.recipes.cache.NodeCache.reset(NodeCache.java:261)
	at org.apache.curator.framework.recipes.cache.NodeCache.access$100(NodeCache.java:60)
	at org.apache.curator.framework.recipes.cache.NodeCache$2.process(NodeCache.java:104)
	at org.apache.curator.framework.imps.NamespaceWatcher.process(NamespaceWatcher.java:77)
	at org.apache.zookeeper.ClientCnxn$EventThread.processEvent(ClientCnxn.java:576)
	at org.apache.zookeeper.ClientCnxn$EventThread.run(ClientCnxn.java:551)
24-09-14.00:24:51.001 [main            ] WARN  LoadBalancerCacheAutoConfiguration$LoadBalancerCaffeineWarnLogger - Spring Cloud LoadBalancer is currently working with the default cache. While this cache implementation is useful for development and tests, it's recommended to use Caffeine cache in production.You can switch to using Caffeine cache, by adding it and org.springframework.cache.caffeine.CaffeineCacheManager to the classpath.
24-09-14.00:26:50.049 [main-SendThread(127.0.0.1:2181)] WARN  ClientCnxn             - Client session timed out, have not heard from server in 100292ms for session id 0x10002720d19002f
24-09-14.00:26:50.053 [main-SendThread(127.0.0.1:2181)] WARN  ClientCnxn             - Session 0x10002720d19002f for sever kubernetes.docker.internal/127.0.0.1:2181, Closing socket connection. Attempting reconnect except it is a SessionExpiredException.
org.apache.zookeeper.ClientCnxn$SessionTimeoutException: Client session timed out, have not heard from server in 100292ms for session id 0x10002720d19002f
	at org.apache.zookeeper.ClientCnxn$SendThread.run(ClientCnxn.java:1230)
24-09-14.00:26:51.570 [main-EventThread] WARN  ConnectionState        - Session expired event received
24-09-14.00:26:51.570 [main-SendThread(127.0.0.1:2181)] WARN  ClientCnxn             - Unable to reconnect to ZooKeeper service, session 0x10002720d19002f has expired
24-09-14.00:26:51.570 [main-SendThread(127.0.0.1:2181)] WARN  ClientCnxn             - Session 0x10002720d19002f for sever kubernetes.docker.internal/127.0.0.1:2181, Closing socket connection. Attempting reconnect except it is a SessionExpiredException.
org.apache.zookeeper.ClientCnxn$SessionExpiredException: Unable to reconnect to ZooKeeper service, session 0x10002720d19002f has expired
	at org.apache.zookeeper.ClientCnxn$SendThread.onConnected(ClientCnxn.java:1406)
	at org.apache.zookeeper.ClientCnxnSocket.readConnectResult(ClientCnxnSocket.java:154)
	at org.apache.zookeeper.ClientCnxnSocketNIO.doIO(ClientCnxnSocketNIO.java:84)
	at org.apache.zookeeper.ClientCnxnSocketNIO.doTransport(ClientCnxnSocketNIO.java:348)
	at org.apache.zookeeper.ClientCnxn$SendThread.run(ClientCnxn.java:1262)
24-09-14.00:26:51.581 [scheduling-1    ] ERROR ZookeeperRegistryService - error when store thread pool to zookeeper [{"activeCount":0,"appName":"dynamic-thread-pool-test-app","corePoolSize":25,"maximumPoolSize":100,"poolSize":0,"queueSize":0,"queueType":"LinkedBlockingQueue","remainingCapacity":5000,"threadPoolName":"threadPoolExecutor01"},{"activeCount":0,"appName":"dynamic-thread-pool-test-app","corePoolSize":20,"maximumPoolSize":50,"poolSize":0,"queueSize":0,"queueType":"LinkedBlockingQueue","remainingCapacity":5000,"threadPoolName":"threadPoolExecutor02"}]
24-09-14.00:26:51.582 [scheduling-1    ] ERROR ZookeeperRegistryService - error when store thread pool config parameters to zookeeper {"activeCount":0,"appName":"dynamic-thread-pool-test-app","corePoolSize":25,"maximumPoolSize":100,"poolSize":0,"queueSize":0,"queueType":"LinkedBlockingQueue","remainingCapacity":5000,"threadPoolName":"threadPoolExecutor01"}
24-09-14.00:26:51.582 [scheduling-1    ] ERROR ZookeeperRegistryService - error when store thread pool config parameters to zookeeper {"activeCount":0,"appName":"dynamic-thread-pool-test-app","corePoolSize":20,"maximumPoolSize":50,"poolSize":0,"queueSize":0,"queueType":"LinkedBlockingQueue","remainingCapacity":5000,"threadPoolName":"threadPoolExecutor02"}
24-09-14.00:26:51.583 [main-EventThread] ERROR CuratorFrameworkImpl   - Background exception was not retry-able or retry gave up
java.lang.IllegalStateException: Expected state [STARTED] was [STOPPED]
	at org.apache.curator.shaded.com.google.common.base.Preconditions.checkState(Preconditions.java:823)
	at org.apache.curator.framework.imps.CuratorFrameworkImpl.checkState(CuratorFrameworkImpl.java:423)
	at org.apache.curator.framework.imps.CuratorFrameworkImpl.getData(CuratorFrameworkImpl.java:457)
	at org.apache.curator.framework.recipes.cache.NodeCache.processBackgroundResult(NodeCache.java:307)
	at org.apache.curator.framework.recipes.cache.NodeCache.access$300(NodeCache.java:60)
	at org.apache.curator.framework.recipes.cache.NodeCache$3.processResult(NodeCache.java:126)
	at org.apache.curator.framework.imps.CuratorFrameworkImpl.sendToBackgroundCallback(CuratorFrameworkImpl.java:892)
	at org.apache.curator.framework.imps.CuratorFrameworkImpl.processBackgroundOperation(CuratorFrameworkImpl.java:649)
	at org.apache.curator.framework.imps.WatcherRemovalFacade.processBackgroundOperation(WatcherRemovalFacade.java:152)
	at org.apache.curator.framework.imps.ExistsBuilderImpl$1.processResult(ExistsBuilderImpl.java:166)
	at org.apache.zookeeper.ClientCnxn$EventThread.processEvent(ClientCnxn.java:619)
	at org.apache.zookeeper.ClientCnxn$EventThread.run(ClientCnxn.java:551)
24-09-14.00:26:51.583 [Curator-Framework-0] ERROR CuratorFrameworkImpl   - Background exception was not retry-able or retry gave up
java.lang.InterruptedException: null
	at java.lang.Object.wait(Native Method)
	at java.lang.Object.wait(Object.java:502)
	at org.apache.zookeeper.ClientCnxn.submitRequest(ClientCnxn.java:1561)
	at org.apache.zookeeper.ClientCnxn.submitRequest(ClientCnxn.java:1533)
	at org.apache.zookeeper.ZooKeeper.exists(ZooKeeper.java:2241)
	at org.apache.zookeeper.ZooKeeper.exists(ZooKeeper.java:2271)
	at org.apache.curator.utils.ZKPaths.mkdirs(ZKPaths.java:334)
	at org.apache.curator.framework.imps.CreateBuilderImpl$8.performBackgroundOperation(CreateBuilderImpl.java:758)
	at org.apache.curator.framework.imps.OperationAndData.callPerformBackgroundOperation(OperationAndData.java:84)
	at org.apache.curator.framework.imps.CuratorFrameworkImpl.performBackgroundOperation(CuratorFrameworkImpl.java:974)
	at org.apache.curator.framework.imps.CuratorFrameworkImpl.backgroundOperationsLoop(CuratorFrameworkImpl.java:952)
	at org.apache.curator.framework.imps.CuratorFrameworkImpl.access$300(CuratorFrameworkImpl.java:66)
	at org.apache.curator.framework.imps.CuratorFrameworkImpl$4.call(CuratorFrameworkImpl.java:342)
	at java.util.concurrent.FutureTask.run$$$capture(FutureTask.java:266)
	at java.util.concurrent.FutureTask.run(FutureTask.java)
	at java.util.concurrent.ScheduledThreadPoolExecutor$ScheduledFutureTask.access$201(ScheduledThreadPoolExecutor.java:180)
	at java.util.concurrent.ScheduledThreadPoolExecutor$ScheduledFutureTask.run(ScheduledThreadPoolExecutor.java:293)
	at java.util.concurrent.ThreadPoolExecutor.runWorker(ThreadPoolExecutor.java:1149)
	at java.util.concurrent.ThreadPoolExecutor$Worker.run(ThreadPoolExecutor.java:624)
	at java.lang.Thread.run(Thread.java:750)
24-09-14.00:26:51.700 [main-EventThread] ERROR NodeCache              - 
java.lang.IllegalStateException: Expected state [STARTED] was [STOPPED]
	at org.apache.curator.shaded.com.google.common.base.Preconditions.checkState(Preconditions.java:823)
	at org.apache.curator.framework.imps.CuratorFrameworkImpl.checkState(CuratorFrameworkImpl.java:423)
	at org.apache.curator.framework.imps.CuratorFrameworkImpl.checkExists(CuratorFrameworkImpl.java:450)
	at org.apache.curator.framework.recipes.cache.NodeCache.reset(NodeCache.java:261)
	at org.apache.curator.framework.recipes.cache.NodeCache.access$100(NodeCache.java:60)
	at org.apache.curator.framework.recipes.cache.NodeCache$2.process(NodeCache.java:104)
	at org.apache.curator.framework.imps.NamespaceWatcher.process(NamespaceWatcher.java:77)
	at org.apache.zookeeper.ClientCnxn$EventThread.processEvent(ClientCnxn.java:576)
	at org.apache.zookeeper.ClientCnxn$EventThread.run(ClientCnxn.java:551)
24-09-14.00:27:02.205 [main            ] WARN  LoadBalancerCacheAutoConfiguration$LoadBalancerCaffeineWarnLogger - Spring Cloud LoadBalancer is currently working with the default cache. While this cache implementation is useful for development and tests, it's recommended to use Caffeine cache in production.You can switch to using Caffeine cache, by adding it and org.springframework.cache.caffeine.CaffeineCacheManager to the classpath.
24-09-14.00:31:23.707 [main-SendThread(127.0.0.1:2181)] WARN  ClientCnxn             - Client session timed out, have not heard from server in 253684ms for session id 0x10002720d190031
24-09-14.00:31:23.710 [main-SendThread(127.0.0.1:2181)] WARN  ClientCnxn             - Session 0x10002720d190031 for sever kubernetes.docker.internal/127.0.0.1:2181, Closing socket connection. Attempting reconnect except it is a SessionExpiredException.
org.apache.zookeeper.ClientCnxn$SessionTimeoutException: Client session timed out, have not heard from server in 253684ms for session id 0x10002720d190031
	at org.apache.zookeeper.ClientCnxn$SendThread.run(ClientCnxn.java:1230)
24-09-14.00:31:25.095 [main-SendThread(127.0.0.1:2181)] WARN  ClientCnxn             - Unable to reconnect to ZooKeeper service, session 0x10002720d190031 has expired
24-09-14.00:31:25.095 [main-SendThread(127.0.0.1:2181)] WARN  ClientCnxn             - Session 0x10002720d190031 for sever kubernetes.docker.internal/127.0.0.1:2181, Closing socket connection. Attempting reconnect except it is a SessionExpiredException.
org.apache.zookeeper.ClientCnxn$SessionExpiredException: Unable to reconnect to ZooKeeper service, session 0x10002720d190031 has expired
	at org.apache.zookeeper.ClientCnxn$SendThread.onConnected(ClientCnxn.java:1406)
	at org.apache.zookeeper.ClientCnxnSocket.readConnectResult(ClientCnxnSocket.java:154)
	at org.apache.zookeeper.ClientCnxnSocketNIO.doIO(ClientCnxnSocketNIO.java:84)
	at org.apache.zookeeper.ClientCnxnSocketNIO.doTransport(ClientCnxnSocketNIO.java:348)
	at org.apache.zookeeper.ClientCnxn$SendThread.run(ClientCnxn.java:1262)
24-09-14.00:31:25.095 [main-EventThread] WARN  ConnectionState        - Session expired event received
24-09-14.00:31:25.105 [scheduling-1    ] ERROR ZookeeperRegistryService - error when store thread pool config parameters to zookeeper {"activeCount":0,"appName":"dynamic-thread-pool-test-app","corePoolSize":25,"maximumPoolSize":100,"poolSize":0,"queueSize":0,"queueType":"LinkedBlockingQueue","remainingCapacity":5000,"threadPoolName":"threadPoolExecutor01"}
24-09-14.00:31:25.106 [scheduling-1    ] ERROR ZookeeperRegistryService - error when store thread pool config parameters to zookeeper {"activeCount":0,"appName":"dynamic-thread-pool-test-app","corePoolSize":20,"maximumPoolSize":50,"poolSize":0,"queueSize":0,"queueType":"LinkedBlockingQueue","remainingCapacity":5000,"threadPoolName":"threadPoolExecutor02"}
24-09-14.00:31:25.106 [Curator-Framework-0] ERROR CuratorFrameworkImpl   - Background exception was not retry-able or retry gave up
java.lang.InterruptedException: null
	at java.lang.Object.wait(Native Method)
	at java.lang.Object.wait(Object.java:502)
	at org.apache.zookeeper.ClientCnxn.submitRequest(ClientCnxn.java:1561)
	at org.apache.zookeeper.ClientCnxn.submitRequest(ClientCnxn.java:1533)
	at org.apache.zookeeper.ZooKeeper.exists(ZooKeeper.java:2241)
	at org.apache.zookeeper.ZooKeeper.exists(ZooKeeper.java:2271)
	at org.apache.curator.utils.ZKPaths.mkdirs(ZKPaths.java:334)
	at org.apache.curator.framework.imps.CreateBuilderImpl$8.performBackgroundOperation(CreateBuilderImpl.java:758)
	at org.apache.curator.framework.imps.OperationAndData.callPerformBackgroundOperation(OperationAndData.java:84)
	at org.apache.curator.framework.imps.CuratorFrameworkImpl.performBackgroundOperation(CuratorFrameworkImpl.java:974)
	at org.apache.curator.framework.imps.CuratorFrameworkImpl.backgroundOperationsLoop(CuratorFrameworkImpl.java:952)
	at org.apache.curator.framework.imps.CuratorFrameworkImpl.access$300(CuratorFrameworkImpl.java:66)
	at org.apache.curator.framework.imps.CuratorFrameworkImpl$4.call(CuratorFrameworkImpl.java:342)
	at java.util.concurrent.FutureTask.run$$$capture(FutureTask.java:266)
	at java.util.concurrent.FutureTask.run(FutureTask.java)
	at java.util.concurrent.ScheduledThreadPoolExecutor$ScheduledFutureTask.access$201(ScheduledThreadPoolExecutor.java:180)
	at java.util.concurrent.ScheduledThreadPoolExecutor$ScheduledFutureTask.run(ScheduledThreadPoolExecutor.java:293)
	at java.util.concurrent.ThreadPoolExecutor.runWorker(ThreadPoolExecutor.java:1149)
	at java.util.concurrent.ThreadPoolExecutor$Worker.run(ThreadPoolExecutor.java:624)
	at java.lang.Thread.run(Thread.java:750)
24-09-14.00:33:01.569 [main            ] WARN  LoadBalancerCacheAutoConfiguration$LoadBalancerCaffeineWarnLogger - Spring Cloud LoadBalancer is currently working with the default cache. While this cache implementation is useful for development and tests, it's recommended to use Caffeine cache in production.You can switch to using Caffeine cache, by adding it and org.springframework.cache.caffeine.CaffeineCacheManager to the classpath.
24-09-14.00:33:03.661 [main-EventThread] ERROR NodeCache              - 
java.lang.IllegalStateException: Expected state [STARTED] was [STOPPED]
	at org.apache.curator.shaded.com.google.common.base.Preconditions.checkState(Preconditions.java:823)
	at org.apache.curator.framework.imps.CuratorFrameworkImpl.checkState(CuratorFrameworkImpl.java:423)
	at org.apache.curator.framework.imps.CuratorFrameworkImpl.checkExists(CuratorFrameworkImpl.java:450)
	at org.apache.curator.framework.recipes.cache.NodeCache.reset(NodeCache.java:261)
	at org.apache.curator.framework.recipes.cache.NodeCache.access$100(NodeCache.java:60)
	at org.apache.curator.framework.recipes.cache.NodeCache$2.process(NodeCache.java:104)
	at org.apache.curator.framework.imps.NamespaceWatcher.process(NamespaceWatcher.java:77)
	at org.apache.zookeeper.ClientCnxn$EventThread.processEvent(ClientCnxn.java:576)
	at org.apache.zookeeper.ClientCnxn$EventThread.run(ClientCnxn.java:551)
24-09-14.00:33:03.661 [main-EventThread] ERROR NodeCache              - 
java.lang.IllegalStateException: Expected state [STARTED] was [STOPPED]
	at org.apache.curator.shaded.com.google.common.base.Preconditions.checkState(Preconditions.java:823)
	at org.apache.curator.framework.imps.CuratorFrameworkImpl.checkState(CuratorFrameworkImpl.java:423)
	at org.apache.curator.framework.imps.CuratorFrameworkImpl.checkExists(CuratorFrameworkImpl.java:450)
	at org.apache.curator.framework.recipes.cache.NodeCache.reset(NodeCache.java:261)
	at org.apache.curator.framework.recipes.cache.NodeCache.access$100(NodeCache.java:60)
	at org.apache.curator.framework.recipes.cache.NodeCache$2.process(NodeCache.java:104)
	at org.apache.curator.framework.imps.NamespaceWatcher.process(NamespaceWatcher.java:77)
	at org.apache.zookeeper.ClientCnxn$EventThread.processEvent(ClientCnxn.java:576)
	at org.apache.zookeeper.ClientCnxn$EventThread.run(ClientCnxn.java:551)
24-09-14.00:33:59.043 [main            ] WARN  LoadBalancerCacheAutoConfiguration$LoadBalancerCaffeineWarnLogger - Spring Cloud LoadBalancer is currently working with the default cache. While this cache implementation is useful for development and tests, it's recommended to use Caffeine cache in production.You can switch to using Caffeine cache, by adding it and org.springframework.cache.caffeine.CaffeineCacheManager to the classpath.
24-09-14.00:35:55.956 [main-EventThread] ERROR NodeCache              - 
java.lang.IllegalStateException: Expected state [STARTED] was [STOPPED]
	at org.apache.curator.shaded.com.google.common.base.Preconditions.checkState(Preconditions.java:823)
	at org.apache.curator.framework.imps.CuratorFrameworkImpl.checkState(CuratorFrameworkImpl.java:423)
	at org.apache.curator.framework.imps.CuratorFrameworkImpl.checkExists(CuratorFrameworkImpl.java:450)
	at org.apache.curator.framework.recipes.cache.NodeCache.reset(NodeCache.java:261)
	at org.apache.curator.framework.recipes.cache.NodeCache.access$100(NodeCache.java:60)
	at org.apache.curator.framework.recipes.cache.NodeCache$2.process(NodeCache.java:104)
	at org.apache.curator.framework.imps.NamespaceWatcher.process(NamespaceWatcher.java:77)
	at org.apache.zookeeper.ClientCnxn$EventThread.processEvent(ClientCnxn.java:576)
	at org.apache.zookeeper.ClientCnxn$EventThread.run(ClientCnxn.java:551)
24-09-14.00:35:55.956 [main-EventThread] ERROR NodeCache              - 
java.lang.IllegalStateException: Expected state [STARTED] was [STOPPED]
	at org.apache.curator.shaded.com.google.common.base.Preconditions.checkState(Preconditions.java:823)
	at org.apache.curator.framework.imps.CuratorFrameworkImpl.checkState(CuratorFrameworkImpl.java:423)
	at org.apache.curator.framework.imps.CuratorFrameworkImpl.checkExists(CuratorFrameworkImpl.java:450)
	at org.apache.curator.framework.recipes.cache.NodeCache.reset(NodeCache.java:261)
	at org.apache.curator.framework.recipes.cache.NodeCache.access$100(NodeCache.java:60)
	at org.apache.curator.framework.recipes.cache.NodeCache$2.process(NodeCache.java:104)
	at org.apache.curator.framework.imps.NamespaceWatcher.process(NamespaceWatcher.java:77)
	at org.apache.zookeeper.ClientCnxn$EventThread.processEvent(ClientCnxn.java:576)
	at org.apache.zookeeper.ClientCnxn$EventThread.run(ClientCnxn.java:551)
